<?xml version="1.0" encoding="UTF-8"?>
<testsuite xmlns:xsi="http://www.w3.org/2001/XMLSchema-instance" xsi:noNamespaceSchemaLocation="https://maven.apache.org/surefire/maven-surefire-plugin/xsd/surefire-test-report-3.0.xsd" version="3.0" name="com.hotel.HotelSystemTest" time="0.151" tests="14" errors="0" skipped="0" failures="0">
  <properties>
[...]
</properties>
  <testcase name="reservationValid" classname="com.hotel.HotelSystemTest" time="0.053"/>
  <testcase name="invoiceInvalid" classname="com.hotel.HotelSystemTest" time="0.005"/>
  <testcase name="invoiceCreation" classname="com.hotel.HotelSystemTest" time="0.009"/>
  <testcase name="guestValidName" classname="com.hotel.HotelSystemTest" time="0.001"/>
  <testcase name="guestInvalidName" classname="com.hotel.HotelSystemTest" time="0.002"/>
  <testcase name="roomInitialState" classname="com.hotel.HotelSystemTest" time="0.002"/>
  <testcase name="roomFree" classname="com.hotel.HotelSystemTest" time="0.002"/>
  <testcase name="standardPricing" classname="com.hotel.HotelSystemTest" time="0.005"/>
  <testcase name="seasonalPricing" classname="com.hotel.HotelSystemTest" time="0.003"/>
  <testcase name="roomOccupy" classname="com.hotel.HotelSystemTest" time="0.002"/>
  <testcase name="reservationServiceFail" classname="com.hotel.HotelSystemTest" time="0.002"/>
  <testcase name="reservationInvalidNights" classname="com.hotel.HotelSystemTest" time="0.002"/>
  <testcase name="roomCleaningToAvailable" classname="com.hotel.HotelSystemTest" time="0.001"/>
  <testcase name="reservationServiceSuccess" classname="com.hotel.HotelSystemTest" time="0.001"/>
</testsuite>